2025-12-27 22:41:43,616 - INFO - ====== WebDriver manager ======
2025-12-27 22:41:50,164 - INFO - Get LATEST chromedriver version for google-chrome
2025-12-27 22:41:50,296 - INFO - Get LATEST chromedriver version for google-chrome
2025-12-27 22:41:50,379 - INFO - Get LATEST chromedriver version for google-chrome
2025-12-27 22:41:50,623 - INFO - WebDriver version 143.0.7499.169 selected
2025-12-27 22:41:50,628 - INFO - Modern chrome version https://storage.googleapis.com/chrome-for-testing-public/143.0.7499.169/mac-x64/chromedriver-mac-x64.zip
2025-12-27 22:41:50,628 - INFO - About to download new driver from https://storage.googleapis.com/chrome-for-testing-public/143.0.7499.169/mac-x64/chromedriver-mac-x64.zip
2025-12-27 22:41:51,066 - INFO - Driver downloading response is 200
2025-12-27 22:41:53,598 - INFO - Get LATEST chromedriver version for google-chrome
2025-12-27 22:41:53,811 - INFO - Driver has been saved in cache [/Users/tarun/.wdm/drivers/chromedriver/mac64/143.0.7499.169]
2025-12-27 22:42:41,633 - ERROR - Timeout fetching player list (Attempt 1)
2025-12-27 22:52:19,546 - INFO - ====== WebDriver manager ======
2025-12-27 22:52:20,051 - INFO - Get LATEST chromedriver version for google-chrome
2025-12-27 22:52:20,137 - INFO - Get LATEST chromedriver version for google-chrome
2025-12-27 22:52:20,216 - INFO - Driver [/Users/tarun/.wdm/drivers/chromedriver/mac64/143.0.7499.169/chromedriver-mac-x64/chromedriver] found in cache
2025-12-27 22:54:22,159 - ERROR - Error extracting player links (Attempt 1): HTTPConnectionPool(host='localhost', port=58601): Read timed out. (read timeout=120)
2025-12-27 22:56:24,202 - ERROR - Error extracting player links (Attempt 2): HTTPConnectionPool(host='localhost', port=58601): Read timed out. (read timeout=120)
2025-12-27 22:58:26,208 - ERROR - Error extracting player links (Attempt 3): HTTPConnectionPool(host='localhost', port=58601): Read timed out. (read timeout=120)
2025-12-27 22:59:43,950 - INFO - ====== WebDriver manager ======
2025-12-27 22:59:44,345 - INFO - Get LATEST chromedriver version for google-chrome
2025-12-27 22:59:44,425 - INFO - Get LATEST chromedriver version for google-chrome
2025-12-27 22:59:44,888 - INFO - Driver [/Users/tarun/.wdm/drivers/chromedriver/mac64/143.0.7499.169/chromedriver-mac-x64/chromedriver] found in cache
2025-12-27 22:59:59,656 - INFO - Script interrupted by user.
2025-12-27 23:02:37,056 - INFO - ====== WebDriver manager ======
2025-12-27 23:02:37,511 - INFO - Get LATEST chromedriver version for google-chrome
2025-12-27 23:02:37,610 - INFO - Get LATEST chromedriver version for google-chrome
2025-12-27 23:02:37,719 - INFO - Driver [/Users/tarun/.wdm/drivers/chromedriver/mac64/143.0.7499.169/chromedriver-mac-x64/chromedriver] found in cache
2025-12-27 23:03:39,434 - ERROR - Timeout fetching player list (Attempt 1)
2025-12-27 23:37:07,209 - INFO - ====== WebDriver manager ======
2025-12-27 23:37:07,656 - INFO - Get LATEST chromedriver version for google-chrome
2025-12-27 23:37:07,735 - INFO - Get LATEST chromedriver version for google-chrome
2025-12-27 23:37:07,809 - INFO - Driver [/Users/tarun/.wdm/drivers/chromedriver/mac64/143.0.7499.169/chromedriver-mac-x64/chromedriver] found in cache
2025-12-27 23:38:09,562 - ERROR - Timeout fetching player list (Attempt 1)
2025-12-27 23:39:32,552 - ERROR - Timeout fetching player list (Attempt 2)
2025-12-27 23:40:57,244 - ERROR - Timeout fetching player list (Attempt 3)
2025-12-29 21:07:26,677 - INFO - ====== WebDriver manager ======
2025-12-29 21:07:27,060 - INFO - Get LATEST chromedriver version for google-chrome
2025-12-29 21:07:27,184 - INFO - Get LATEST chromedriver version for google-chrome
2025-12-29 21:07:27,298 - INFO - Driver [/Users/tarun/.wdm/drivers/chromedriver/mac64/143.0.7499.169/chromedriver-mac-x64/chromedriver] found in cache
2025-12-29 21:10:27,423 - WARNING - Match logs table not found for Lionel Messi
